

Processing HomeController#index (for 127.0.0.1 at 2010-08-24 14:15:07) [GET]
Rendering template within layouts/home
Rendering home/index
Completed in 109ms (View: 94, DB: 0) | 200 OK [http://localhost/]


Processing ExperimentsController#index (for 127.0.0.1 at 2010-08-24 14:15:13) [GET]

NoMethodError (undefined method `experiments' for nil:NilClass):
  app/controllers/experiments_controller.rb:23:in `index'

Rendering rescues/layout (internal_server_error)


Processing HomeController#index (for 127.0.0.1 at 2010-08-24 14:15:22) [GET]
Rendering template within layouts/home
Rendering home/index
Completed in 129ms (View: 129, DB: 4) | 200 OK [http://localhost/]


Processing GroupsController#index (for 127.0.0.1 at 2010-08-24 14:15:24) [GET]
Rendering template within layouts/application
Rendering groups/index
Completed in 30ms (View: 15, DB: 1) | 200 OK [http://localhost/groups]


Processing BioBytesController#index (for 127.0.0.1 at 2010-08-24 14:15:26) [GET]
Rendering template within layouts/application
Rendering bio_bytes/index
Completed in 38ms (View: 19, DB: 2) | 200 OK [http://localhost/bio_bytes]
